<?xml version="1.0" encoding="UTF-8"?>
<!-- Generated by org.testng.reporters.JUnitReportReporter -->
<testsuite hostname="THE-SHAHAJI" failures="0" tests="1" name="com.framework.keyword.test.LoginTest" time="20.513" errors="0" timestamp="2020-07-16T15:40:46 IST" skipped="0">
  <testcase classname="com.framework.keyword.test.LoginTest" name="logintest" time="20.513"/>
  <system-out/>
</testsuite> <!-- com.framework.keyword.test.LoginTest -->
